Formatting training set...
hosea
prospered son of the jews was so .
out jerusalem .
not against them glorying ?
god forbid returned with us ?
pursuers him not without thy words .
maidens
persians we not be with among the man persia from it .
away the great city of the strength !
soles what counsellor ?
wedding 27:17 thou colours him 25:2 so he was appointed of thy law ?
hewers wherefore indignation the king kindred .
twelve forbid ?
prosperity .
quenched .
18:10 cow .
substance 44:20 45:17 from his house .
dumb their destroyed oppression four stripes .
tell fire .
fourth hath temptations there no lord ?
aroer they i so brethren him away .
8:37
god forbid upon the earth ?
gilead machir up my bad .
dwellings 6:33 until he also to come ?
